<?xml version="1.0" encoding="UTF-8"?>
<!-- Generated by org.testng.reporters.JUnitReportReporter -->
<testsuite skipped="0" hostname="LAPTOP-RKLP3EC1" name="rsoperations.Rs1" tests="1" failures="0" timestamp="2022-03-26T20:26:04 IST" time="2.790" errors="0">
  <testcase name="createnewrecord" time="2.790" classname="rsoperations.Rs1"/>
  <system-out/>
</testsuite> <!-- rsoperations.Rs1 -->
